Update Item Error: string violation: image cannot be an array or an object
SequelizeValidationError: string violation: image cannot be an array or an object
    at InstanceValidator._validate (C:\Users\Thinkpad L13\office-equipment-backend\node_modules\sequelize\lib\instance-validator.js:50:13)
    at process.processTicksAndRejections (node:internal/process/task_queues:103:5)
    at async InstanceValidator._validateAndRunHooks (C:\Users\Thinkpad L13\office-equipment-backend\node_modules\sequelize\lib\instance-validator.js:60:7)
    at async InstanceValidator.validate (C:\Users\Thinkpad L13\office-equipment-backend\node_modules\sequelize\lib\instance-validator.js:54:12)
    at async model.save (C:\Users\Thinkpad L13\office-equipment-backend\node_modules\sequelize\lib\model.js:2426:7)
    at async model.update (C:\Users\Thinkpad L13\office-equipment-backend\node_modules\sequelize\lib\model.js:2598:12)
    at async updateItem (C:\Users\Thinkpad L13\office-equipment-backend\src\controllers\itemController.js:184:5)
Delete User Error: Cannot delete or update a parent row: a foreign key constraint fails (`office_equipment`.`activitylogs`, CONSTRAINT `activitylogs_ibfk_1` FOREIGN KEY (`userId`) REFERENCES `users` (`id`))
Error
    at Query.run (C:\Users\Thinkpad L13\office-equipment-backend\node_modules\sequelize\lib\dialects\mysql\query.js:52:25)
    at C:\Users\Thinkpad L13\office-equipment-backend\node_modules\sequelize\lib\sequelize.js:315:28
    at process.processTicksAndRejections (node:internal/process/task_queues:103:5)
    at async MySQLQueryInterface.delete (C:\Users\Thinkpad L13\office-equipment-backend\node_modules\sequelize\lib\dialects\abstract\query-interface.js:393:12)
    at async model.destroy (C:\Users\Thinkpad L13\office-equipment-backend\node_modules\sequelize\lib\model.js:2627:16)
    at async deleteUser (C:\Users\Thinkpad L13\office-equipment-backend\src\controllers\userController.js:200:5)
Delete User Error: Cannot delete or update a parent row: a foreign key constraint fails (`office_equipment`.`activitylogs`, CONSTRAINT `activitylogs_ibfk_1` FOREIGN KEY (`userId`) REFERENCES `users` (`id`))
Error
    at Query.run (C:\Users\Thinkpad L13\office-equipment-backend\node_modules\sequelize\lib\dialects\mysql\query.js:52:25)
    at C:\Users\Thinkpad L13\office-equipment-backend\node_modules\sequelize\lib\sequelize.js:315:28
    at process.processTicksAndRejections (node:internal/process/task_queues:103:5)
    at async MySQLQueryInterface.delete (C:\Users\Thinkpad L13\office-equipment-backend\node_modules\sequelize\lib\dialects\abstract\query-interface.js:393:12)
    at async model.destroy (C:\Users\Thinkpad L13\office-equipment-backend\node_modules\sequelize\lib\model.js:2627:16)
    at async deleteUser (C:\Users\Thinkpad L13\office-equipment-backend\src\controllers\userController.js:200:5)
